Game 01 (01-21 ... Class I: Each player has a dominating strategy.)
Game 02
Game 03
Game 04
Game 05
Game 06
Game 07
Game 08
Game 09 *The Gift of the Magi*
Game 10
Game 11
Game 12 *Prisoners' Dilemma*
Game 13
Game 14
Game 15
Game 16
Game 17
Game 18
Game 19
Game 20
Game 21
Game 22 (22-57 ... Class II: One player has a dominating strategy.)
Game 23
Game 24
Game 25
Game 26
Game 27
Game 28
Game 29
Game 30
Game 31
Game 32
Game 33
Game 34
Game 35
Game 36
Game 37
Game 38
Game 39
Game 40
Game 41
Game 42
Game 43
Game 44
Game 45
Game 46
Game 47
Game 48
Game 49
Game 50
Game 51
Game 52
Game 53
Game 54
Game 55
Game 56
Game 57
Game 58 (58-78 ... Class III: Neither player has a dominating strategy.)
Game 59
Game 60
Game 61
Game 62
Game 63
Game 64
Game 65
Game 66 *Chicken Game*
Game 67
Game 68
Game 69 *Battle of Sexes*
Game 70
Game 71
Game 72
Game 73
Game 74
Game 75
Game 76
Game 77
Game 78
Done.
