 N = {1,2,3,4}
 1 : {{1,2,3,4}}
 2 : {{1,2,3}, {1,2,3,4}}
 3 : {{1,2,4}, {1,2,3,4}}
 4 : {{1,2,3}, {1,2,4}, {1,2,3,4}}
 5 : {{1,2}, {1,2,3}, {1,2,4}, {1,2,3,4}}
 6 : {{1,3,4}, {1,2,3,4}}
 7 : {{1,2,3}, {1,3,4}, {1,2,3,4}}
 8 : {{1,3}, {1,2,3}, {1,3,4}, {1,2,3,4}}
 9 : {{1,2,4}, {1,3,4}, {1,2,3,4}}
10 : {{1,2,3}, {1,2,4}, {1,3,4}, {1,2,3,4}}
11 : {{1,2}, {1,2,3}, {1,2,4}, {1,3,4}, {1,2,3,4}}
12 : {{1,3}, {1,2,3}, {1,2,4}, {1,3,4}, {1,2,3,4}}
13 : {{1,2}, {1,3}, {1,2,3}, {1,2,4}, {1,3,4}, {1,2,3,4}}
14 : {{1,4}, {1,2,4}, {1,3,4}, {1,2,3,4}}
15 : {{1,2,3}, {1,4}, {1,2,4}, {1,3,4}, {1,2,3,4}}
16 : {{1,2}, {1,2,3}, {1,4}, {1,2,4}, {1,3,4}, {1,2,3,4}}
17 : {{1,3}, {1,2,3}, {1,4}, {1,2,4}, {1,3,4}, {1,2,3,4}}
18 : {{1,2}, {1,3}, {1,2,3}, {1,4}, {1,2,4}, {1,3,4}, {1,2,3,4}}
19 : {{1}, {1,2}, {1,3}, {1,2,3}, {1,4}, {1,2,4}, {1,3,4}, {1,2,3,4}}
20 : {{2,3,4}, {1,2,3,4}}
21 : {{1,2,3}, {2,3,4}, {1,2,3,4}}
22 : {{2,3}, {1,2,3}, {2,3,4}, {1,2,3,4}}
23 : {{1,2,4}, {2,3,4}, {1,2,3,4}}
24 : {{1,2,3}, {1,2,4}, {2,3,4}, {1,2,3,4}}
25 : {{1,2}, {1,2,3}, {1,2,4}, {2,3,4}, {1,2,3,4}}
26 : {{2,3}, {1,2,3}, {1,2,4}, {2,3,4}, {1,2,3,4}}
27 : {{1,2}, {2,3}, {1,2,3}, {1,2,4}, {2,3,4}, {1,2,3,4}}
28 : {{2,4}, {1,2,4}, {2,3,4}, {1,2,3,4}}
29 : {{1,2,3}, {2,4}, {1,2,4}, {2,3,4}, {1,2,3,4}}
30 : {{1,2}, {1,2,3}, {2,4}, {1,2,4}, {2,3,4}, {1,2,3,4}}
31 : {{2,3}, {1,2,3}, {2,4}, {1,2,4}, {2,3,4}, {1,2,3,4}}
32 : {{1,2}, {2,3}, {1,2,3}, {2,4}, {1,2,4}, {2,3,4}, {1,2,3,4}}
33 : {{2}, {1,2}, {2,3}, {1,2,3}, {2,4}, {1,2,4}, {2,3,4}, {1,2,3,4}}
34 : {{1,3,4}, {2,3,4}, {1,2,3,4}}
35 : {{1,2,3}, {1,3,4}, {2,3,4}, {1,2,3,4}}
36 : {{1,3}, {1,2,3}, {1,3,4}, {2,3,4}, {1,2,3,4}}
37 : {{2,3}, {1,2,3}, {1,3,4}, {2,3,4}, {1,2,3,4}}
38 : {{1,3}, {2,3}, {1,2,3}, {1,3,4}, {2,3,4}, {1,2,3,4}}
39 : {{1,2,4}, {1,3,4}, {2,3,4}, {1,2,3,4}}
40 : {{1,2,3}, {1,2,4}, {1,3,4}, {2,3,4}, {1,2,3,4}}
41 : {{1,2}, {1,2,3}, {1,2,4}, {1,3,4}, {2,3,4}, {1,2,3,4}}
42 : {{1,3}, {1,2,3}, {1,2,4}, {1,3,4}, {2,3,4}, {1,2,3,4}}
43 : {{1,2}, {1,3}, {1,2,3}, {1,2,4}, {1,3,4}, {2,3,4}, {1,2,3,4}}
44 : {{2,3}, {1,2,3}, {1,2,4}, {1,3,4}, {2,3,4}, {1,2,3,4}}
45 : {{1,2}, {2,3}, {1,2,3}, {1,2,4}, {1,3,4}, {2,3,4}, {1,2,3,4}}
46 : {{1,3}, {2,3}, {1,2,3}, {1,2,4}, {1,3,4}, {2,3,4}, {1,2,3,4}}
47 : {{1,2}, {1,3}, {2,3}, {1,2,3}, {1,2,4}, {1,3,4}, {2,3,4}, {1,2,3,4}}
48 : {{1,4}, {1,2,4}, {1,3,4}, {2,3,4}, {1,2,3,4}}
49 : {{1,2,3}, {1,4}, {1,2,4}, {1,3,4}, {2,3,4}, {1,2,3,4}}
50 : {{1,2}, {1,2,3}, {1,4}, {1,2,4}, {1,3,4}, {2,3,4}, {1,2,3,4}}
51 : {{1,3}, {1,2,3}, {1,4}, {1,2,4}, {1,3,4}, {2,3,4}, {1,2,3,4}}
52 : {{1,2}, {1,3}, {1,2,3}, {1,4}, {1,2,4}, {1,3,4}, {2,3,4}, {1,2,3,4}}
53 : {{2,4}, {1,2,4}, {1,3,4}, {2,3,4}, {1,2,3,4}}
54 : {{1,2,3}, {2,4}, {1,2,4}, {1,3,4}, {2,3,4}, {1,2,3,4}}
55 : {{1,2}, {1,2,3}, {2,4}, {1,2,4}, {1,3,4}, {2,3,4}, {1,2,3,4}}
56 : {{2,3}, {1,2,3}, {2,4}, {1,2,4}, {1,3,4}, {2,3,4}, {1,2,3,4}}
57 : {{1,2}, {2,3}, {1,2,3}, {2,4}, {1,2,4}, {1,3,4}, {2,3,4}, {1,2,3,4}}
58 : {{1,4}, {2,4}, {1,2,4}, {1,3,4}, {2,3,4}, {1,2,3,4}}
59 : {{1,2,3}, {1,4}, {2,4}, {1,2,4}, {1,3,4}, {2,3,4}, {1,2,3,4}}
60 : {{1,2}, {1,2,3}, {1,4}, {2,4}, {1,2,4}, {1,3,4}, {2,3,4}, {1,2,3,4}}
61 : {{3,4}, {1,3,4}, {2,3,4}, {1,2,3,4}}
62 : {{1,2,3}, {3,4}, {1,3,4}, {2,3,4}, {1,2,3,4}}
63 : {{1,3}, {1,2,3}, {3,4}, {1,3,4}, {2,3,4}, {1,2,3,4}}
64 : {{2,3}, {1,2,3}, {3,4}, {1,3,4}, {2,3,4}, {1,2,3,4}}
65 : {{1,3}, {2,3}, {1,2,3}, {3,4}, {1,3,4}, {2,3,4}, {1,2,3,4}}
66 : {{3}, {1,3}, {2,3}, {1,2,3}, {3,4}, {1,3,4}, {2,3,4}, {1,2,3,4}}
67 : {{1,2,4}, {3,4}, {1,3,4}, {2,3,4}, {1,2,3,4}}
68 : {{1,2,3}, {1,2,4}, {3,4}, {1,3,4}, {2,3,4}, {1,2,3,4}}
69 : {{1,3}, {1,2,3}, {1,2,4}, {3,4}, {1,3,4}, {2,3,4}, {1,2,3,4}}
70 : {{2,3}, {1,2,3}, {1,2,4}, {3,4}, {1,3,4}, {2,3,4}, {1,2,3,4}}
71 : {{1,3}, {2,3}, {1,2,3}, {1,2,4}, {3,4}, {1,3,4}, {2,3,4}, {1,2,3,4}}
72 : {{1,4}, {1,2,4}, {3,4}, {1,3,4}, {2,3,4}, {1,2,3,4}}
73 : {{1,2,3}, {1,4}, {1,2,4}, {3,4}, {1,3,4}, {2,3,4}, {1,2,3,4}}
74 : {{1,3}, {1,2,3}, {1,4}, {1,2,4}, {3,4}, {1,3,4}, {2,3,4}, {1,2,3,4}}
75 : {{2,4}, {1,2,4}, {3,4}, {1,3,4}, {2,3,4}, {1,2,3,4}}
76 : {{1,2,3}, {2,4}, {1,2,4}, {3,4}, {1,3,4}, {2,3,4}, {1,2,3,4}}
77 : {{2,3}, {1,2,3}, {2,4}, {1,2,4}, {3,4}, {1,3,4}, {2,3,4}, {1,2,3,4}}
78 : {{1,4}, {2,4}, {1,2,4}, {3,4}, {1,3,4}, {2,3,4}, {1,2,3,4}}
79 : {{1,2,3}, {1,4}, {2,4}, {1,2,4}, {3,4}, {1,3,4}, {2,3,4}, {1,2,3,4}}
80 : {{4}, {1,4}, {2,4}, {1,2,4}, {3,4}, {1,3,4}, {2,3,4}, {1,2,3,4}}
