 N = {1,2,3}
 A = {a,b,c}

                 |Pref- 0|Pref- 1|Pref- 2|Pref- 3|Pref- 4|Pref- 5|
 1.{1,12,13,123} |{a}    |{a}    |{a}    |{a}    |{a}    |{a}    |
 2.{2,12,23,123} |{a}    |{a}    |{a}    |{a}    |{a}    |{a}    |
 3.{3,13,23,123} |{a}    |{a}    |{b}    |{b}    |{c}    |{c}    |
 4.{12,13,123}   |{a}    |{a}    |{a}    |{a}    |{a}    |{a}    |
 5.{12,23,123}   |{a}    |{a}    |{a}    |{a}    |{a}    |{a}    |
 6.{13,23,123}   |{a}    |{a}    |{a,b}  |{a,b}  |{a,c}  |{a,b,c}|
 7.{12,123}      |{a}    |{a}    |{a}    |{a}    |{a}    |{a}    |
 8.{23,123}      |{a}    |{a}    |{a,b}  |{a,b}  |{a,c}  |{a,b,c}|
 9.{13,123}      |{a}    |{a}    |{a,b}  |{a,b}  |{a,c}  |{a,b,c}|
10.{123}         |{a}    |{a}    |{a,b}  |{a,b}  |{a,c}  |{a,b,c}|
11.{12,13,23,123}|{a}    |{a}    |{a}    |{a}    |{a}    |{a}    |

                 |Pref- 6|Pref- 7|Pref- 8|Pref- 9|Pref-10|Pref-11|
 1.{1,12,13,123} |{a}    |{a}    |{a}    |{a}    |{a}    |{a}    |
 2.{2,12,23,123} |{a}    |{a}    |{a}    |{a}    |{a}    |{a}    |
 3.{3,13,23,123} |{a}    |{a}    |{b}    |{b}    |{c}    |{c}    |
 4.{12,13,123}   |{a}    |{a}    |{a}    |{a}    |{a}    |{a}    |
 5.{12,23,123}   |{a}    |{a}    |{a}    |{a}    |{a}    |{a}    |
 6.{13,23,123}   |{a}    |{a}    |{a,b}  |{a,b}  |{a,c}  |{a,c}  |
 7.{12,123}      |{a}    |{a}    |{a}    |{a}    |{a}    |{a}    |
 8.{23,123}      |{a}    |{a}    |{a,b}  |{a,b,c}|{a,c}  |{a,c}  |
 9.{13,123}      |{a}    |{a}    |{a,b}  |{a,b}  |{a,c}  |{a,b,c}|
10.{123}         |{a}    |{a}    |{a,b}  |{a,b,c}|{a,c}  |{a,b,c}|
11.{12,13,23,123}|{a}    |{a}    |{a}    |{a}    |{a}    |{a}    |

                 |Pref-12|Pref-13|Pref-14|Pref-15|Pref-16|Pref-17|
 1.{1,12,13,123} |{a}    |{a}    |{a}    |{a}    |{a}    |{a}    |
 2.{2,12,23,123} |{b}    |{b}    |{b}    |{b}    |{b}    |{b}    |
 3.{3,13,23,123} |{a}    |{a}    |{b}    |{b}    |{c}    |{c}    |
 4.{12,13,123}   |{a}    |{a}    |{a,b}  |{a,b}  |{a}    |{a,b}  |
 5.{12,23,123}   |{a,b}  |{a,b}  |{b}    |{b}    |{a,b}  |{b}    |
 6.{13,23,123}   |{a}    |{a}    |{b}    |{b}    |{a,c}  |{b,c}  |
 7.{12,123}      |{a,b}  |{a,b}  |{a,b}  |{a,b}  |{a,b}  |{a,b}  |
 8.{23,123}      |{a,b}  |{a,b}  |{b}    |{b}    |{a,b,c}|{b,c}  |
 9.{13,123}      |{a}    |{a}    |{a,b}  |{a,b}  |{a,c}  |{a,b,c}|
10.{123}         |{a,b}  |{a,b}  |{a,b}  |{a,b}  |{a,b,c}|{a,b,c}|
11.{12,13,23,123}|{a}    |{a}    |{b}    |{b}    |{a}    |{b}    |

                 |Pref-18|Pref-19|Pref-20|Pref-21|Pref-22|Pref-23|
 1.{1,12,13,123} |{a}    |{a}    |{a}    |{a}    |{a}    |{a}    |
 2.{2,12,23,123} |{b}    |{b}    |{b}    |{b}    |{b}    |{b}    |
 3.{3,13,23,123} |{a}    |{a}    |{b}    |{b}    |{c}    |{c}    |
 4.{12,13,123}   |{a}    |{a}    |{a,b}  |{a,b}  |{a}    |{a,b}  |
 5.{12,23,123}   |{a,b}  |{a,b}  |{b}    |{b}    |{b}    |{b}    |
 6.{13,23,123}   |{a}    |{a}    |{b}    |{b}    |{c}    |{b,c}  |
 7.{12,123}      |{a,b}  |{a,b}  |{a,b}  |{a,b}  |{a,b}  |{a,b}  |
 8.{23,123}      |{a,b}  |{a,b,c}|{b}    |{b}    |{b,c}  |{b,c}  |
 9.{13,123}      |{a}    |{a}    |{a,b}  |{a,b}  |{a,c}  |{a,b,c}|
10.{123}         |{a,b}  |{a,b,c}|{a,b}  |{a,b}  |{a,b,c}|{a,b,c}|
11.{12,13,23,123}|{a}    |{a}    |{b}    |{b}    |{ }    |{b}    |

                 |Pref-24|Pref-25|Pref-26|Pref-27|Pref-28|Pref-29|
 1.{1,12,13,123} |{a}    |{a}    |{a}    |{a}    |{a}    |{a}    |
 2.{2,12,23,123} |{c}    |{c}    |{c}    |{c}    |{c}    |{c}    |
 3.{3,13,23,123} |{a}    |{a}    |{b}    |{b}    |{c}    |{c}    |
 4.{12,13,123}   |{a}    |{a}    |{a}    |{a}    |{a,c}  |{a,c}  |
 5.{12,23,123}   |{a,c}  |{a,c}  |{a,c}  |{c}    |{c}    |{c}    |
 6.{13,23,123}   |{a}    |{a}    |{a,b}  |{b}    |{c}    |{c}    |
 7.{12,123}      |{a,c}  |{a,c}  |{a,c}  |{a,c}  |{a,c}  |{a,c}  |
 8.{23,123}      |{a,c}  |{a,c}  |{a,b,c}|{b,c}  |{c}    |{c}    |
 9.{13,123}      |{a}    |{a}    |{a,b}  |{a,b}  |{a,c}  |{a,b,c}|
10.{123}         |{a,c}  |{a,c}  |{a,b,c}|{a,b,c}|{a,c}  |{a,b,c}|
11.{12,13,23,123}|{a}    |{a}    |{a}    |{ }    |{c}    |{c}    |

                 |Pref-30|Pref-31|Pref-32|Pref-33|Pref-34|Pref-35|
 1.{1,12,13,123} |{a}    |{a}    |{a}    |{a}    |{a}    |{a}    |
 2.{2,12,23,123} |{c}    |{c}    |{c}    |{c}    |{c}    |{c}    |
 3.{3,13,23,123} |{a}    |{a}    |{b}    |{b}    |{c}    |{c}    |
 4.{12,13,123}   |{a}    |{a}    |{a,b}  |{a,b}  |{a,c}  |{a,b,c}|
 5.{12,23,123}   |{a,b,c}|{a,c}  |{b,c}  |{b,c}  |{c}    |{c}    |
 6.{13,23,123}   |{a}    |{a}    |{b}    |{b}    |{c}    |{c}    |
 7.{12,123}      |{a,b,c}|{a,b,c}|{a,b,c}|{a,b,c}|{a,b,c}|{a,b,c}|
 8.{23,123}      |{a,b,c}|{a,c}  |{b,c}  |{b,c}  |{c}    |{c}    |
 9.{13,123}      |{a}    |{a}    |{a,b}  |{a,b}  |{a,c}  |{a,b,c}|
10.{123}         |{a,b,c}|{a,b,c}|{a,b,c}|{a,b,c}|{a,b,c}|{a,b,c}|
11.{12,13,23,123}|{a}    |{a}    |{b}    |{b}    |{c}    |{c}    |


Cases that the core is empty:
Pref-22, W={12,13,23,123}
Pref-27, W={12,13,23,123}

Cases that the core is A:
Pref- 5, W={13,23,123}   
Pref- 5, W={23,123}      
Pref- 5, W={13,123}      
Pref- 5, W={123}         
Pref- 9, W={23,123}      
Pref- 9, W={123}         
Pref-11, W={13,123}      
Pref-11, W={123}         
Pref-16, W={23,123}      
Pref-16, W={123}         
Pref-17, W={13,123}      
Pref-17, W={123}         
Pref-19, W={23,123}      
Pref-19, W={123}         
Pref-22, W={123}         
Pref-23, W={13,123}      
Pref-23, W={123}         
Pref-26, W={23,123}      
Pref-26, W={123}         
Pref-27, W={123}         
Pref-29, W={13,123}      
Pref-29, W={123}         
Pref-30, W={12,23,123}   
Pref-30, W={12,123}      
Pref-30, W={23,123}      
Pref-30, W={123}         
Pref-31, W={12,123}      
Pref-31, W={123}         
Pref-32, W={12,123}      
Pref-32, W={123}         
Pref-33, W={12,123}      
Pref-33, W={123}         
Pref-34, W={12,123}      
Pref-34, W={123}         
Pref-35, W={12,13,123}   
Pref-35, W={12,123}      
Pref-35, W={13,123}      
Pref-35, W={123}         
