 W : 128
R1 : [a,b,c]
R2 : [b,c,a]
R3 : [c,a,b]
(P1 P2 P3) = (1 1 1)
    W_C(P):
    -W_C(P):
(P1 P2 P3) = (1 1 2)
    W_C(P):
    -W_C(P):
(P1 P2 P3) = (1 1 3)
    W_C(P):
    -W_C(P):
(P1 P2 P3) = (1 2 1)
    W_C(P):
    -W_C(P):
(P1 P2 P3) = (1 2 2)
    W_C(P):
    -W_C(P):
(P1 P2 P3) = (1 2 3)
    W_C(P):
    -W_C(P):
(P1 P2 P3) = (1 3 1)
    W_C(P):
    -W_C(P):
(P1 P2 P3) = (1 3 2)
    W_C(P):
        {1,2,3} ... Sa = {1,2,3}
    -W_C(P):
        *(in x = a) {1,2,3}
(P1 P2 P3) = (1 3 3)
    W_C(P):
        {1,2,3} ... Sa = {1,2,3}
    -W_C(P):
        *(in x = a) {1,2,3}
(P1 P2 P3) = (2 1 1)
    W_C(P):
    -W_C(P):
(P1 P2 P3) = (2 1 2)
    W_C(P):
    -W_C(P):
(P1 P2 P3) = (2 1 3)
    W_C(P):
        {1,2,3} ... Sb = {1,2,3}
    -W_C(P):
        *(in x = b) {1,2,3}
(P1 P2 P3) = (2 2 1)
    W_C(P):
    -W_C(P):
(P1 P2 P3) = (2 2 2)
    W_C(P):
    -W_C(P):
(P1 P2 P3) = (2 2 3)
    W_C(P):
        {1,2,3} ... Sb = {1,2,3}
    -W_C(P):
        *(in x = b) {1,2,3}
(P1 P2 P3) = (2 3 1)
    W_C(P):
    -W_C(P):
(P1 P2 P3) = (2 3 2)
    W_C(P):
        {1,2,3} ... Sa = {1,2,3}
    -W_C(P):
        *(in x = a) {1,2,3}
(P1 P2 P3) = (2 3 3)
    W_C(P):
        {1,2,3} ... Sa = {1,2,3}
        {1,2,3} ... Sb = {1,2,3}
    -W_C(P):
(P1 P2 P3) = (3 1 1)
    W_C(P):
    -W_C(P):
(P1 P2 P3) = (3 1 2)
    W_C(P):
    -W_C(P):
(P1 P2 P3) = (3 1 3)
    W_C(P):
        {1,2,3} ... Sb = {1,2,3}
    -W_C(P):
        *(in x = b) {1,2,3}
(P1 P2 P3) = (3 2 1)
    W_C(P):
        {1,2,3} ... Sc = {1,2,3}
    -W_C(P):
        *(in x = c) {1,2,3}
(P1 P2 P3) = (3 2 2)
    W_C(P):
        {1,2,3} ... Sc = {1,2,3}
    -W_C(P):
        *(in x = c) {1,2,3}
(P1 P2 P3) = (3 2 3)
    W_C(P):
        {1,2,3} ... Sb = {1,2,3}
        {1,2,3} ... Sc = {1,2,3}
    -W_C(P):
(P1 P2 P3) = (3 3 1)
    W_C(P):
        {1,2,3} ... Sc = {1,2,3}
    -W_C(P):
        *(in x = c) {1,2,3}
(P1 P2 P3) = (3 3 2)
    W_C(P):
        {1,2,3} ... Sa = {1,2,3}
        {1,2,3} ... Sc = {1,2,3}
    -W_C(P):
(P1 P2 P3) = (3 3 3)
    W_C(P):
        {1,2,3} ... Sa = {1,2,3}
        {1,2,3} ... Sb = {1,2,3}
        {1,2,3} ... Sc = {1,2,3}
    -W_C(P):


 W : 232
R1 : [a,b,c]
R2 : [b,c,a]
R3 : [c,a,b]
(P1 P2 P3) = (1 1 1)
    W_C(P):
    -W_C(P):
(P1 P2 P3) = (1 1 2)
    W_C(P):
        {1,3}   ... Sa = {1,3}  
        {1,2,3} ... Sa = {1,3}  
    -W_C(P):
        *(in x = a) {1,3}  
(P1 P2 P3) = (1 1 3)
    W_C(P):
        {1,3}   ... Sa = {1,3}  
        {1,2,3} ... Sa = {1,3}  
        {2,3}   ... Sb = {2,3}  
        {1,2,3} ... Sb = {2,3}  
    -W_C(P):
        *(in x = a) {1,3}  
(P1 P2 P3) = (1 2 1)
    W_C(P):
        {2,3}   ... Sc = {2,3}  
        {1,2,3} ... Sc = {2,3}  
    -W_C(P):
        *(in x = c) {2,3}  
(P1 P2 P3) = (1 2 2)
    W_C(P):
        {1,3}   ... Sa = {1,3}  
        {1,2,3} ... Sa = {1,3}  
        {2,3}   ... Sc = {2,3}  
        {1,2,3} ... Sc = {2,3}  
    -W_C(P):
        *(in x = c) {2,3}  
(P1 P2 P3) = (1 2 3)
    W_C(P):
        {1,3}   ... Sa = {1,3}  
        {1,2,3} ... Sa = {1,3}  
        {2,3}   ... Sb = {2,3}  
        {1,2,3} ... Sb = {2,3}  
        {2,3}   ... Sc = {2,3}  
        {1,2,3} ... Sc = {2,3}  
    -W_C(P):
(P1 P2 P3) = (1 3 1)
    W_C(P):
        {1,2}   ... Sa = {1,2}  
        {1,2,3} ... Sa = {1,2}  
        {2,3}   ... Sc = {2,3}  
        {1,2,3} ... Sc = {2,3}  
    -W_C(P):
        *(in x = c) {2,3}  
(P1 P2 P3) = (1 3 2)
    W_C(P):
        {1,2}   ... Sa = {1,2}  
        {1,3}   ... Sa = {1,3}  
        {2,3}   ... Sa = {2,3}  
        {1,2,3} ... Sa = {1,2,3}
        {2,3}   ... Sc = {2,3}  
        {1,2,3} ... Sc = {2,3}  
    -W_C(P):
        *(in x = c) {2,3}  
(P1 P2 P3) = (1 3 3)
    W_C(P):
        {1,2}   ... Sa = {1,2}  
        {1,3}   ... Sa = {1,3}  
        {2,3}   ... Sa = {2,3}  
        {1,2,3} ... Sa = {1,2,3}
        {2,3}   ... Sb = {2,3}  
        {1,2,3} ... Sb = {2,3}  
        {2,3}   ... Sc = {2,3}  
        {1,2,3} ... Sc = {2,3}  
    -W_C(P):
(P1 P2 P3) = (2 1 1)
    W_C(P):
        {1,2}   ... Sb = {1,2}  
        {1,2,3} ... Sb = {1,2}  
    -W_C(P):
        *(in x = b) {1,2}  
(P1 P2 P3) = (2 1 2)
    W_C(P):
        {1,3}   ... Sa = {1,3}  
        {1,2,3} ... Sa = {1,3}  
        {1,2}   ... Sb = {1,2}  
        {1,2,3} ... Sb = {1,2}  
    -W_C(P):
        *(in x = a) {1,3}  
(P1 P2 P3) = (2 1 3)
    W_C(P):
        {1,3}   ... Sa = {1,3}  
        {1,2,3} ... Sa = {1,3}  
        {1,2}   ... Sb = {1,2}  
        {1,3}   ... Sb = {1,3}  
        {2,3}   ... Sb = {2,3}  
        {1,2,3} ... Sb = {1,2,3}
    -W_C(P):
        *(in x = a) {1,3}  
(P1 P2 P3) = (2 2 1)
    W_C(P):
        {1,2}   ... Sb = {1,2}  
        {1,2,3} ... Sb = {1,2}  
        {2,3}   ... Sc = {2,3}  
        {1,2,3} ... Sc = {2,3}  
    -W_C(P):
        *(in x = b) {1,2}  
(P1 P2 P3) = (2 2 2)
    W_C(P):
        {1,3}   ... Sa = {1,3}  
        {1,2,3} ... Sa = {1,3}  
        {1,2}   ... Sb = {1,2}  
        {1,2,3} ... Sb = {1,2}  
        {2,3}   ... Sc = {2,3}  
        {1,2,3} ... Sc = {2,3}  
    -W_C(P):
(P1 P2 P3) = (2 2 3)
    W_C(P):
        {1,3}   ... Sa = {1,3}  
        {1,2,3} ... Sa = {1,3}  
        {1,2}   ... Sb = {1,2}  
        {1,3}   ... Sb = {1,3}  
        {2,3}   ... Sb = {2,3}  
        {1,2,3} ... Sb = {1,2,3}
        {2,3}   ... Sc = {2,3}  
        {1,2,3} ... Sc = {2,3}  
    -W_C(P):
(P1 P2 P3) = (2 3 1)
    W_C(P):
        {1,2}   ... Sa = {1,2}  
        {1,2,3} ... Sa = {1,2}  
        {1,2}   ... Sb = {1,2}  
        {1,2,3} ... Sb = {1,2}  
        {2,3}   ... Sc = {2,3}  
        {1,2,3} ... Sc = {2,3}  
    -W_C(P):
(P1 P2 P3) = (2 3 2)
    W_C(P):
        {1,2}   ... Sa = {1,2}  
        {1,3}   ... Sa = {1,3}  
        {2,3}   ... Sa = {2,3}  
        {1,2,3} ... Sa = {1,2,3}
        {1,2}   ... Sb = {1,2}  
        {1,2,3} ... Sb = {1,2}  
        {2,3}   ... Sc = {2,3}  
        {1,2,3} ... Sc = {2,3}  
    -W_C(P):
(P1 P2 P3) = (2 3 3)
    W_C(P):
        {1,2}   ... Sa = {1,2}  
        {1,3}   ... Sa = {1,3}  
        {2,3}   ... Sa = {2,3}  
        {1,2,3} ... Sa = {1,2,3}
        {1,2}   ... Sb = {1,2}  
        {1,3}   ... Sb = {1,3}  
        {2,3}   ... Sb = {2,3}  
        {1,2,3} ... Sb = {1,2,3}
        {2,3}   ... Sc = {2,3}  
        {1,2,3} ... Sc = {2,3}  
    -W_C(P):
(P1 P2 P3) = (3 1 1)
    W_C(P):
        {1,2}   ... Sb = {1,2}  
        {1,2,3} ... Sb = {1,2}  
        {1,3}   ... Sc = {1,3}  
        {1,2,3} ... Sc = {1,3}  
    -W_C(P):
        *(in x = b) {1,2}  
(P1 P2 P3) = (3 1 2)
    W_C(P):
        {1,3}   ... Sa = {1,3}  
        {1,2,3} ... Sa = {1,3}  
        {1,2}   ... Sb = {1,2}  
        {1,2,3} ... Sb = {1,2}  
        {1,3}   ... Sc = {1,3}  
        {1,2,3} ... Sc = {1,3}  
    -W_C(P):
(P1 P2 P3) = (3 1 3)
    W_C(P):
        {1,3}   ... Sa = {1,3}  
        {1,2,3} ... Sa = {1,3}  
        {1,2}   ... Sb = {1,2}  
        {1,3}   ... Sb = {1,3}  
        {2,3}   ... Sb = {2,3}  
        {1,2,3} ... Sb = {1,2,3}
        {1,3}   ... Sc = {1,3}  
        {1,2,3} ... Sc = {1,3}  
    -W_C(P):
(P1 P2 P3) = (3 2 1)
    W_C(P):
        {1,2}   ... Sb = {1,2}  
        {1,2,3} ... Sb = {1,2}  
        {1,2}   ... Sc = {1,2}  
        {1,3}   ... Sc = {1,3}  
        {2,3}   ... Sc = {2,3}  
        {1,2,3} ... Sc = {1,2,3}
    -W_C(P):
        *(in x = b) {1,2}  
(P1 P2 P3) = (3 2 2)
    W_C(P):
        {1,3}   ... Sa = {1,3}  
        {1,2,3} ... Sa = {1,3}  
        {1,2}   ... Sb = {1,2}  
        {1,2,3} ... Sb = {1,2}  
        {1,2}   ... Sc = {1,2}  
        {1,3}   ... Sc = {1,3}  
        {2,3}   ... Sc = {2,3}  
        {1,2,3} ... Sc = {1,2,3}
    -W_C(P):
(P1 P2 P3) = (3 2 3)
    W_C(P):
        {1,3}   ... Sa = {1,3}  
        {1,2,3} ... Sa = {1,3}  
        {1,2}   ... Sb = {1,2}  
        {1,3}   ... Sb = {1,3}  
        {2,3}   ... Sb = {2,3}  
        {1,2,3} ... Sb = {1,2,3}
        {1,2}   ... Sc = {1,2}  
        {1,3}   ... Sc = {1,3}  
        {2,3}   ... Sc = {2,3}  
        {1,2,3} ... Sc = {1,2,3}
    -W_C(P):
(P1 P2 P3) = (3 3 1)
    W_C(P):
        {1,2}   ... Sa = {1,2}  
        {1,2,3} ... Sa = {1,2}  
        {1,2}   ... Sb = {1,2}  
        {1,2,3} ... Sb = {1,2}  
        {1,2}   ... Sc = {1,2}  
        {1,3}   ... Sc = {1,3}  
        {2,3}   ... Sc = {2,3}  
        {1,2,3} ... Sc = {1,2,3}
    -W_C(P):
(P1 P2 P3) = (3 3 2)
    W_C(P):
        {1,2}   ... Sa = {1,2}  
        {1,3}   ... Sa = {1,3}  
        {2,3}   ... Sa = {2,3}  
        {1,2,3} ... Sa = {1,2,3}
        {1,2}   ... Sb = {1,2}  
        {1,2,3} ... Sb = {1,2}  
        {1,2}   ... Sc = {1,2}  
        {1,3}   ... Sc = {1,3}  
        {2,3}   ... Sc = {2,3}  
        {1,2,3} ... Sc = {1,2,3}
    -W_C(P):
(P1 P2 P3) = (3 3 3)
    W_C(P):
        {1,2}   ... Sa = {1,2}  
        {1,3}   ... Sa = {1,3}  
        {2,3}   ... Sa = {2,3}  
        {1,2,3} ... Sa = {1,2,3}
        {1,2}   ... Sb = {1,2}  
        {1,3}   ... Sb = {1,3}  
        {2,3}   ... Sb = {2,3}  
        {1,2,3} ... Sb = {1,2,3}
        {1,2}   ... Sc = {1,2}  
        {1,3}   ... Sc = {1,3}  
        {2,3}   ... Sc = {2,3}  
        {1,2,3} ... Sc = {1,2,3}
    -W_C(P):


 W : 128
R1 : [a,b,c]
R2 : [b,c,a]
R3 : [c,b,a]
(P1 P2 P3) = (1 1 1)
    W_C(P):
    -W_C(P):
(P1 P2 P3) = (1 1 2)
    W_C(P):
    -W_C(P):
(P1 P2 P3) = (1 1 3)
    W_C(P):
    -W_C(P):
(P1 P2 P3) = (1 2 1)
    W_C(P):
    -W_C(P):
(P1 P2 P3) = (1 2 2)
    W_C(P):
    -W_C(P):
(P1 P2 P3) = (1 2 3)
    W_C(P):
    -W_C(P):
(P1 P2 P3) = (1 3 1)
    W_C(P):
    -W_C(P):
(P1 P2 P3) = (1 3 2)
    W_C(P):
    -W_C(P):
(P1 P2 P3) = (1 3 3)
    W_C(P):
        {1,2,3} ... Sa = {1,2,3}
    -W_C(P):
        *(in x = a) {1,2,3}
(P1 P2 P3) = (2 1 1)
    W_C(P):
    -W_C(P):
(P1 P2 P3) = (2 1 2)
    W_C(P):
        {1,2,3} ... Sb = {1,2,3}
    -W_C(P):
        *(in x = b) {1,2,3}
(P1 P2 P3) = (2 1 3)
    W_C(P):
        {1,2,3} ... Sb = {1,2,3}
    -W_C(P):
        *(in x = b) {1,2,3}
(P1 P2 P3) = (2 2 1)
    W_C(P):
    -W_C(P):
(P1 P2 P3) = (2 2 2)
    W_C(P):
        {1,2,3} ... Sb = {1,2,3}
    -W_C(P):
        *(in x = b) {1,2,3}
(P1 P2 P3) = (2 2 3)
    W_C(P):
        {1,2,3} ... Sb = {1,2,3}
    -W_C(P):
        *(in x = b) {1,2,3}
(P1 P2 P3) = (2 3 1)
    W_C(P):
    -W_C(P):
(P1 P2 P3) = (2 3 2)
    W_C(P):
        {1,2,3} ... Sb = {1,2,3}
    -W_C(P):
        *(in x = b) {1,2,3}
(P1 P2 P3) = (2 3 3)
    W_C(P):
        {1,2,3} ... Sa = {1,2,3}
        {1,2,3} ... Sb = {1,2,3}
    -W_C(P):
(P1 P2 P3) = (3 1 1)
    W_C(P):
    -W_C(P):
(P1 P2 P3) = (3 1 2)
    W_C(P):
        {1,2,3} ... Sb = {1,2,3}
    -W_C(P):
        *(in x = b) {1,2,3}
(P1 P2 P3) = (3 1 3)
    W_C(P):
        {1,2,3} ... Sb = {1,2,3}
    -W_C(P):
        *(in x = b) {1,2,3}
(P1 P2 P3) = (3 2 1)
    W_C(P):
        {1,2,3} ... Sc = {1,2,3}
    -W_C(P):
        *(in x = c) {1,2,3}
(P1 P2 P3) = (3 2 2)
    W_C(P):
        {1,2,3} ... Sb = {1,2,3}
        {1,2,3} ... Sc = {1,2,3}
    -W_C(P):
(P1 P2 P3) = (3 2 3)
    W_C(P):
        {1,2,3} ... Sb = {1,2,3}
        {1,2,3} ... Sc = {1,2,3}
    -W_C(P):
(P1 P2 P3) = (3 3 1)
    W_C(P):
        {1,2,3} ... Sc = {1,2,3}
    -W_C(P):
        *(in x = c) {1,2,3}
(P1 P2 P3) = (3 3 2)
    W_C(P):
        {1,2,3} ... Sb = {1,2,3}
        {1,2,3} ... Sc = {1,2,3}
    -W_C(P):
(P1 P2 P3) = (3 3 3)
    W_C(P):
        {1,2,3} ... Sa = {1,2,3}
        {1,2,3} ... Sb = {1,2,3}
        {1,2,3} ... Sc = {1,2,3}
    -W_C(P):


 W : 232
R1 : [a,b,c]
R2 : [b,c,a]
R3 : [c,b,a]
(P1 P2 P3) = (1 1 1)
    W_C(P):
    -W_C(P):
(P1 P2 P3) = (1 1 2)
    W_C(P):
        {2,3}   ... Sb = {2,3}  
        {1,2,3} ... Sb = {2,3}  
    -W_C(P):
        *(in x = b) {2,3}  
(P1 P2 P3) = (1 1 3)
    W_C(P):
        {1,3}   ... Sa = {1,3}  
        {1,2,3} ... Sa = {1,3}  
        {2,3}   ... Sb = {2,3}  
        {1,2,3} ... Sb = {2,3}  
    -W_C(P):
        *(in x = b) {2,3}  
(P1 P2 P3) = (1 2 1)
    W_C(P):
        {2,3}   ... Sc = {2,3}  
        {1,2,3} ... Sc = {2,3}  
    -W_C(P):
        *(in x = c) {2,3}  
(P1 P2 P3) = (1 2 2)
    W_C(P):
        {2,3}   ... Sb = {2,3}  
        {1,2,3} ... Sb = {2,3}  
        {2,3}   ... Sc = {2,3}  
        {1,2,3} ... Sc = {2,3}  
    -W_C(P):
(P1 P2 P3) = (1 2 3)
    W_C(P):
        {1,3}   ... Sa = {1,3}  
        {1,2,3} ... Sa = {1,3}  
        {2,3}   ... Sb = {2,3}  
        {1,2,3} ... Sb = {2,3}  
        {2,3}   ... Sc = {2,3}  
        {1,2,3} ... Sc = {2,3}  
    -W_C(P):
(P1 P2 P3) = (1 3 1)
    W_C(P):
        {1,2}   ... Sa = {1,2}  
        {1,2,3} ... Sa = {1,2}  
        {2,3}   ... Sc = {2,3}  
        {1,2,3} ... Sc = {2,3}  
    -W_C(P):
        *(in x = c) {2,3}  
(P1 P2 P3) = (1 3 2)
    W_C(P):
        {1,2}   ... Sa = {1,2}  
        {1,2,3} ... Sa = {1,2}  
        {2,3}   ... Sb = {2,3}  
        {1,2,3} ... Sb = {2,3}  
        {2,3}   ... Sc = {2,3}  
        {1,2,3} ... Sc = {2,3}  
    -W_C(P):
(P1 P2 P3) = (1 3 3)
    W_C(P):
        {1,2}   ... Sa = {1,2}  
        {1,3}   ... Sa = {1,3}  
        {2,3}   ... Sa = {2,3}  
        {1,2,3} ... Sa = {1,2,3}
        {2,3}   ... Sb = {2,3}  
        {1,2,3} ... Sb = {2,3}  
        {2,3}   ... Sc = {2,3}  
        {1,2,3} ... Sc = {2,3}  
    -W_C(P):
(P1 P2 P3) = (2 1 1)
    W_C(P):
        {1,2}   ... Sb = {1,2}  
        {1,2,3} ... Sb = {1,2}  
    -W_C(P):
        *(in x = b) {1,2}  
(P1 P2 P3) = (2 1 2)
    W_C(P):
        {1,2}   ... Sb = {1,2}  
        {1,3}   ... Sb = {1,3}  
        {2,3}   ... Sb = {2,3}  
        {1,2,3} ... Sb = {1,2,3}
    -W_C(P):
        *(in x = b) {1,2}  
        *(in x = b) {1,3}  
        *(in x = b) {2,3}  
        *(in x = b) {1,2,3}
(P1 P2 P3) = (2 1 3)
    W_C(P):
        {1,3}   ... Sa = {1,3}  
        {1,2,3} ... Sa = {1,3}  
        {1,2}   ... Sb = {1,2}  
        {1,3}   ... Sb = {1,3}  
        {2,3}   ... Sb = {2,3}  
        {1,2,3} ... Sb = {1,2,3}
    -W_C(P):
        *(in x = b) {2,3}  
(P1 P2 P3) = (2 2 1)
    W_C(P):
        {1,2}   ... Sb = {1,2}  
        {1,2,3} ... Sb = {1,2}  
        {2,3}   ... Sc = {2,3}  
        {1,2,3} ... Sc = {2,3}  
    -W_C(P):
        *(in x = b) {1,2}  
(P1 P2 P3) = (2 2 2)
    W_C(P):
        {1,2}   ... Sb = {1,2}  
        {1,3}   ... Sb = {1,3}  
        {2,3}   ... Sb = {2,3}  
        {1,2,3} ... Sb = {1,2,3}
        {2,3}   ... Sc = {2,3}  
        {1,2,3} ... Sc = {2,3}  
    -W_C(P):
        *(in x = b) {1,2}  
(P1 P2 P3) = (2 2 3)
    W_C(P):
        {1,3}   ... Sa = {1,3}  
        {1,2,3} ... Sa = {1,3}  
        {1,2}   ... Sb = {1,2}  
        {1,3}   ... Sb = {1,3}  
        {2,3}   ... Sb = {2,3}  
        {1,2,3} ... Sb = {1,2,3}
        {2,3}   ... Sc = {2,3}  
        {1,2,3} ... Sc = {2,3}  
    -W_C(P):
(P1 P2 P3) = (2 3 1)
    W_C(P):
        {1,2}   ... Sa = {1,2}  
        {1,2,3} ... Sa = {1,2}  
        {1,2}   ... Sb = {1,2}  
        {1,2,3} ... Sb = {1,2}  
        {2,3}   ... Sc = {2,3}  
        {1,2,3} ... Sc = {2,3}  
    -W_C(P):
(P1 P2 P3) = (2 3 2)
    W_C(P):
        {1,2}   ... Sa = {1,2}  
        {1,2,3} ... Sa = {1,2}  
        {1,2}   ... Sb = {1,2}  
        {1,3}   ... Sb = {1,3}  
        {2,3}   ... Sb = {2,3}  
        {1,2,3} ... Sb = {1,2,3}
        {2,3}   ... Sc = {2,3}  
        {1,2,3} ... Sc = {2,3}  
    -W_C(P):
(P1 P2 P3) = (2 3 3)
    W_C(P):
        {1,2}   ... Sa = {1,2}  
        {1,3}   ... Sa = {1,3}  
        {2,3}   ... Sa = {2,3}  
        {1,2,3} ... Sa = {1,2,3}
        {1,2}   ... Sb = {1,2}  
        {1,3}   ... Sb = {1,3}  
        {2,3}   ... Sb = {2,3}  
        {1,2,3} ... Sb = {1,2,3}
        {2,3}   ... Sc = {2,3}  
        {1,2,3} ... Sc = {2,3}  
    -W_C(P):
(P1 P2 P3) = (3 1 1)
    W_C(P):
        {1,2}   ... Sb = {1,2}  
        {1,2,3} ... Sb = {1,2}  
        {1,3}   ... Sc = {1,3}  
        {1,2,3} ... Sc = {1,3}  
    -W_C(P):
        *(in x = b) {1,2}  
(P1 P2 P3) = (3 1 2)
    W_C(P):
        {1,2}   ... Sb = {1,2}  
        {1,3}   ... Sb = {1,3}  
        {2,3}   ... Sb = {2,3}  
        {1,2,3} ... Sb = {1,2,3}
        {1,3}   ... Sc = {1,3}  
        {1,2,3} ... Sc = {1,3}  
    -W_C(P):
        *(in x = b) {1,2}  
(P1 P2 P3) = (3 1 3)
    W_C(P):
        {1,3}   ... Sa = {1,3}  
        {1,2,3} ... Sa = {1,3}  
        {1,2}   ... Sb = {1,2}  
        {1,3}   ... Sb = {1,3}  
        {2,3}   ... Sb = {2,3}  
        {1,2,3} ... Sb = {1,2,3}
        {1,3}   ... Sc = {1,3}  
        {1,2,3} ... Sc = {1,3}  
    -W_C(P):
(P1 P2 P3) = (3 2 1)
    W_C(P):
        {1,2}   ... Sb = {1,2}  
        {1,2,3} ... Sb = {1,2}  
        {1,2}   ... Sc = {1,2}  
        {1,3}   ... Sc = {1,3}  
        {2,3}   ... Sc = {2,3}  
        {1,2,3} ... Sc = {1,2,3}
    -W_C(P):
        *(in x = b) {1,2}  
(P1 P2 P3) = (3 2 2)
    W_C(P):
        {1,2}   ... Sb = {1,2}  
        {1,3}   ... Sb = {1,3}  
        {2,3}   ... Sb = {2,3}  
        {1,2,3} ... Sb = {1,2,3}
        {1,2}   ... Sc = {1,2}  
        {1,3}   ... Sc = {1,3}  
        {2,3}   ... Sc = {2,3}  
        {1,2,3} ... Sc = {1,2,3}
    -W_C(P):
        *(in x = b) {1,2}  
(P1 P2 P3) = (3 2 3)
    W_C(P):
        {1,3}   ... Sa = {1,3}  
        {1,2,3} ... Sa = {1,3}  
        {1,2}   ... Sb = {1,2}  
        {1,3}   ... Sb = {1,3}  
        {2,3}   ... Sb = {2,3}  
        {1,2,3} ... Sb = {1,2,3}
        {1,2}   ... Sc = {1,2}  
        {1,3}   ... Sc = {1,3}  
        {2,3}   ... Sc = {2,3}  
        {1,2,3} ... Sc = {1,2,3}
    -W_C(P):
(P1 P2 P3) = (3 3 1)
    W_C(P):
        {1,2}   ... Sa = {1,2}  
        {1,2,3} ... Sa = {1,2}  
        {1,2}   ... Sb = {1,2}  
        {1,2,3} ... Sb = {1,2}  
        {1,2}   ... Sc = {1,2}  
        {1,3}   ... Sc = {1,3}  
        {2,3}   ... Sc = {2,3}  
        {1,2,3} ... Sc = {1,2,3}
    -W_C(P):
(P1 P2 P3) = (3 3 2)
    W_C(P):
        {1,2}   ... Sa = {1,2}  
        {1,2,3} ... Sa = {1,2}  
        {1,2}   ... Sb = {1,2}  
        {1,3}   ... Sb = {1,3}  
        {2,3}   ... Sb = {2,3}  
        {1,2,3} ... Sb = {1,2,3}
        {1,2}   ... Sc = {1,2}  
        {1,3}   ... Sc = {1,3}  
        {2,3}   ... Sc = {2,3}  
        {1,2,3} ... Sc = {1,2,3}
    -W_C(P):
(P1 P2 P3) = (3 3 3)
    W_C(P):
        {1,2}   ... Sa = {1,2}  
        {1,3}   ... Sa = {1,3}  
        {2,3}   ... Sa = {2,3}  
        {1,2,3} ... Sa = {1,2,3}
        {1,2}   ... Sb = {1,2}  
        {1,3}   ... Sb = {1,3}  
        {2,3}   ... Sb = {2,3}  
        {1,2,3} ... Sb = {1,2,3}
        {1,2}   ... Sc = {1,2}  
        {1,3}   ... Sc = {1,3}  
        {2,3}   ... Sc = {2,3}  
        {1,2,3} ... Sc = {1,2,3}
    -W_C(P):


